<?xml version="1.0" encoding="utf-8"?><testsuites name="pytest tests"><testsuite name="pytest" errors="0" failures="0" skipped="0" tests="15" time="10.626" timestamp="2026-04-06T16:37:52.591468+00:00" hostname="agent-env-65366fca-a07c-4730-8058-2ab42ff4767b"><testcase classname="backend.tests.test_iteration_8.TestAuth" name="test_login_success" time="0.254" /><testcase classname="backend.tests.test_iteration_8.TestAuth" name="test_login_wrong_password" time="0.127" /><testcase classname="backend.tests.test_iteration_8.TestAuth" name="test_login_wrong_username" time="0.156" /><testcase classname="backend.tests.test_iteration_8.TestActivityEndpoints" name="test_get_activities_empty" time="0.368" /><testcase classname="backend.tests.test_iteration_8.TestActivityEndpoints" name="test_create_activity" time="0.396" /><testcase classname="backend.tests.test_iteration_8.TestActivityEndpoints" name="test_create_activity_all_types" time="1.909" /><testcase classname="backend.tests.test_iteration_8.TestActivityEndpoints" name="test_get_upcoming_activities" time="0.926" /><testcase classname="backend.tests.test_iteration_8.TestActivityEndpoints" name="test_delete_activity" time="0.635" /><testcase classname="backend.tests.test_iteration_8.TestVideoFolders" name="test_get_folders_empty" time="0.187" /><testcase classname="backend.tests.test_iteration_8.TestVideoFolders" name="test_create_folder" time="0.154" /><testcase classname="backend.tests.test_iteration_8.TestVideoFolders" name="test_delete_folder" time="0.456" /><testcase classname="backend.tests.test_iteration_8.TestShipmentsEndpoints" name="test_get_shipments" time="0.133" /><testcase classname="backend.tests.test_iteration_8.TestShipmentsEndpoints" name="test_dhl_tracking" time="1.389" /><testcase classname="backend.tests.test_iteration_8.TestCleanup" name="test_cleanup_test_activities" time="2.831" /><testcase classname="backend.tests.test_iteration_8.TestCleanup" name="test_cleanup_test_folders" time="0.342" /></testsuite></testsuites>