<?xml version="1.0" encoding="utf-8"?><testsuites name="pytest tests"><testsuite name="pytest" errors="0" failures="1" skipped="0" tests="13" time="22.962" timestamp="2026-04-02T20:39:55.496786+00:00" hostname="agent-env-65366fca-a07c-4730-8058-2ab42ff4767b"><testcase classname="tests.test_features_v6.TestAPIHealth" name="test_api_root" time="0.415" /><testcase classname="tests.test_features_v6.TestDHLTracking" name="test_track_valid_number" time="0.934" /><testcase classname="tests.test_features_v6.TestDHLTracking" name="test_track_invalid_number" time="0.159" /><testcase classname="tests.test_features_v6.TestLeadFinder" name="test_search_germany_factories" time="14.577" /><testcase classname="tests.test_features_v6.TestLeadFinder" name="test_search_greece_factories" time="3.497" /><testcase classname="tests.test_features_v6.TestLeadImport" name="test_create_lead_minimal_data" time="0.496" /><testcase classname="tests.test_features_v6.TestLeadImport" name="test_create_lead_only_company_name" time="0.341" /><testcase classname="tests.test_features_v6.TestDashboard" name="test_dashboard_stats" time="0.237" /><testcase classname="tests.test_features_v6.TestDashboard" name="test_dashboard_stats_with_period" time="0.950" /><testcase classname="tests.test_features_v6.TestDashboard" name="test_agenda_endpoint" time="0.197" /><testcase classname="tests.test_features_v6.TestDashboard" name="test_sales_forecast" time="0.142" /><testcase classname="tests.test_features_v6.TestAuthentication" name="test_login_success" time="0.259"><failure message="AssertionError: assert 'user' in {'id': 'admin-user-id', 'name': 'Emre Dirlik', 'role': 'admin', 'token': 'eyJhbGciOiJIUzI1NiIsInR5cCI6IkpXVCJ9.eyJzdWIiOiJhZG1pbi11c2VyLWlkIiwidXNlcm5hbWUiOiJhZG1pbiIsImV4cCI6MTc3NTI0ODgxOCwidHlwZSI6ImFjY2VzcyJ9.hQFHeRM0o-ieRVpfM1J0SMLXL7ZD7WHTKTSO82YeMu8', ...}">tests/test_features_v6.py:293: in test_login_success
    assert "user" in data
E   AssertionError: assert 'user' in {'id': 'admin-user-id', 'name': 'Emre Dirlik', 'role': 'admin', 'token': 'eyJhbGciOiJIUzI1NiIsInR5cCI6IkpXVCJ9.eyJzdWIiOiJhZG1pbi11c2VyLWlkIiwidXNlcm5hbWUiOiJhZG1pbiIsImV4cCI6MTc3NTI0ODgxOCwidHlwZSI6ImFjY2VzcyJ9.hQFHeRM0o-ieRVpfM1J0SMLXL7ZD7WHTKTSO82YeMu8', ...}</failure></testcase><testcase classname="tests.test_features_v6.TestAuthentication" name="test_login_failure" time="0.218" /></testsuite></testsuites>