<?xml version="1.0" encoding="utf-8"?><testsuites name="pytest tests"><testsuite name="pytest" errors="0" failures="0" skipped="0" tests="15" time="4.586" timestamp="2026-03-28T00:12:49.803166+00:00" hostname="agent-env-65366fca-a07c-4730-8058-2ab42ff4767b"><testcase classname="tests.test_orders.TestOrdersAPI" name="test_api_health" time="0.220" /><testcase classname="tests.test_orders.TestOrdersAPI" name="test_get_orders_list" time="0.140" /><testcase classname="tests.test_orders.TestOrdersAPI" name="test_get_leads_list" time="0.136" /><testcase classname="tests.test_orders.TestOrdersAPI" name="test_create_lead_for_order" time="0.263" /><testcase classname="tests.test_orders.TestOrdersAPI" name="test_create_single_product_order" time="0.311" /><testcase classname="tests.test_orders.TestOrdersAPI" name="test_create_multi_product_order" time="0.301" /><testcase classname="tests.test_orders.TestOrdersAPI" name="test_get_order_by_id" time="0.340" /><testcase classname="tests.test_orders.TestOrdersAPI" name="test_update_order_status" time="0.357" /><testcase classname="tests.test_orders.TestOrdersAPI" name="test_update_order_products" time="0.351" /><testcase classname="tests.test_orders.TestOrdersAPI" name="test_delete_order" time="0.338" /><testcase classname="tests.test_orders.TestOrdersAPI" name="test_order_pdf_download" time="0.432" /><testcase classname="tests.test_orders.TestOrdersAPI" name="test_order_not_found" time="0.143" /><testcase classname="tests.test_orders.TestOrdersAPI" name="test_create_order_invalid_lead" time="0.167" /><testcase classname="tests.test_orders.TestOrdersIntegration" name="test_order_shows_lead_info" time="0.307" /><testcase classname="tests.test_orders.TestOrdersIntegration" name="test_get_orders_by_lead" time="0.502" /></testsuite></testsuites>