<?xml version="1.0" encoding="utf-8"?><testsuites name="pytest tests"><testsuite name="pytest" errors="0" failures="0" skipped="0" tests="13" time="6.566" timestamp="2026-04-07T20:28:44.081109+00:00" hostname="agent-env-65366fca-a07c-4730-8058-2ab42ff4767b"><testcase classname="backend.tests.test_iteration_9.TestLeadsAPI" name="test_get_leads_returns_data" time="0.261" /><testcase classname="backend.tests.test_iteration_9.TestLeadsAPI" name="test_leads_have_required_fields" time="0.167" /><testcase classname="backend.tests.test_iteration_9.TestLeadsAPI" name="test_leads_contain_expected_companies" time="0.150" /><testcase classname="backend.tests.test_iteration_9.TestShipmentsAPI" name="test_get_shipments_returns_data" time="0.197" /><testcase classname="backend.tests.test_iteration_9.TestShipmentsAPI" name="test_shipments_have_required_fields" time="0.174" /><testcase classname="backend.tests.test_iteration_9.TestShipmentsAPI" name="test_shipments_contain_dhl_tracking" time="0.155" /><testcase classname="backend.tests.test_iteration_9.TestLeadFinderAPI" name="test_search_leads_greece_without_keyword" time="0.215" /><testcase classname="backend.tests.test_iteration_9.TestLeadFinderAPI" name="test_potential_leads_endpoint" time="0.163" /><testcase classname="backend.tests.test_iteration_9.TestMailAPI" name="test_mail_inbox_endpoint" time="4.250" /><testcase classname="backend.tests.test_iteration_9.TestMailAPI" name="test_mail_sent_endpoint" time="0.190" /><testcase classname="backend.tests.test_iteration_9.TestDashboardAPI" name="test_dashboard_stats" time="0.172" /><testcase classname="backend.tests.test_iteration_9.TestAuthAPI" name="test_login_with_valid_credentials" time="0.156" /><testcase classname="backend.tests.test_iteration_9.TestAuthAPI" name="test_login_with_invalid_credentials" time="0.142" /></testsuite></testsuites>